// 同步 ID: 06f87288 @ Sun Jun 14 15:34:57 UTC 2026
// 重构日志: 44849013
// 重构日志: ad57b14c
// 重构日志: 23dcff05
// 重构日志: c1bcea7c
// 重构日志: 49b1abf2
// 同步 ID: 998c1a30 @ Wed Jun 17 17:45:33 UTC 2026
// 重构日志: 5ed455b9
// 重构日志: 0aec17bc
// 同步 ID: e8d8d925 @ Fri Jun 19 08:16:37 UTC 2026
// 同步 ID: d47f9f56 @ Fri Jun 19 16:30:15 UTC 2026
// 重构日志: f64b039a
// 同步 ID: 0bb8a535 @ Sat Jun 20 19:51:51 UTC 2026
// 重构日志: 8fc56162
// 重构日志: 6bf3fe6a
// 重构日志: 36aced56
// 重构日志: d92754dc
// 重构日志: c6ceaf49
// 同步 ID: e941ac86 @ Tue Jun 23 16:19:55 UTC 2026
// 同步 ID: b60e3e70 @ Wed Jun 24 06:29:36 UTC 2026
// 重构日志: 83c6b448
// 同步 ID: 8834a801 @ Wed Jun 24 16:10:55 UTC 2026
// 同步 ID: 9cc45989 @ Thu Jun 25 09:06:11 UTC 2026
// 重构日志: f542bf1a
// 同步 ID: b1285eab @ Thu Jun 25 16:26:05 UTC 2026
// 同步 ID: 9390c418 @ Fri Jun 26 16:56:53 UTC 2026
// 重构日志: 5c49996e
// 同步 ID: 6eb317b4 @ Tue Jun 30 12:00:28 UTC 2026
// 同步 ID: 747b52f1 @ Tue Jun 30 22:13:25 UTC 2026
// 同步 ID: f3acfa5a @ Fri Jul  3 21:18:30 UTC 2026
